2024-07-14 19:28:44.333721 : h
2024-07-14 19:28:44.396974 : e
2024-07-14 19:28:44.523276 : l
2024-07-14 19:28:44.729986 : l
2024-07-14 19:28:44.971645 : o
2024-07-14 19:28:45.096740 :  
2024-07-14 19:28:58.381096 : a
2024-07-14 19:28:58.996050 : [ctrl]
2024-07-14 19:28:59.974691 : s
2024-07-14 19:29:00.009579 : [ctrl]
2024-07-14 19:29:38.984303 : [shift]
2024-07-14 19:29:38.984303 : [ctrl]
2024-07-14 19:29:39.015585 : n
2024-07-14 19:29:40.061236 : s
2024-07-14 19:29:40.249227 : h
2024-07-14 19:29:40.312607 : u
2024-07-14 19:29:40.559870 : t
2024-07-14 19:29:40.709588 : t
2024-07-14 19:29:40.850412 : e
2024-07-14 19:29:40.892553 : r
2024-07-14 19:29:40.978041 :  
2024-07-14 19:29:41.319354 : i
2024-07-14 19:29:41.416972 : s
2024-07-14 19:29:41.740256 : l
2024-07-14 19:29:41.804062 : a
2024-07-14 19:29:41.979836 : n
2024-07-14 19:29:42.287580 : d
2024-07-14 19:29:42.389205 : [ENTER]

2024-07-14 19:29:59.783170 : w
2024-07-14 19:29:59.981413 : h
2024-07-14 19:30:00.116764 : o
2024-07-14 19:30:00.229233 :  
2024-07-14 19:30:00.364896 : a
2024-07-14 19:30:00.491549 : m
2024-07-14 19:30:00.570541 :  
2024-07-14 19:30:00.675025 : i
2024-07-14 19:30:01.426951 : [ENTER]

2024-07-14 19:30:09.613110 : a
2024-07-14 19:30:09.720744 : n
2024-07-14 19:30:09.808763 : a
2024-07-14 19:30:09.879782 : n
2024-07-14 19:30:10.136988 : o
2024-07-14 19:30:10.538078 : y
2024-07-14 19:30:11.371305 : o
2024-07-14 19:30:11.567700 : m
2024-07-14 19:30:11.773460 : u
2024-07-14 19:30:11.861500 : s
2024-07-14 19:30:12.038078 : [ENTER]

2024-07-14 19:30:17.961218 : [ctrl]
2024-07-14 19:30:17.976723 : c
2024-07-14 19:30:19.791770 : a
2024-07-14 19:30:20.043499 : v
2024-07-14 19:30:20.074335 : [ctrl]
2024-07-14 19:30:20.317799 : [ENTER]

2024-07-14 19:30:23.480450 :  
2024-07-14 19:30:23.915525 : m
2024-07-14 19:30:23.998594 : o
2024-07-14 19:30:24.425152 : v
2024-07-14 19:30:24.530508 : i
2024-07-14 19:30:24.712964 : e
2024-07-14 19:30:24.885474 : [ENTER]

2024-07-14 19:30:42.638830 : u
2024-07-14 19:30:42.678429 : n
2024-07-14 19:30:43.159033 : f
2024-07-14 19:30:43.280065 : r
2024-07-14 19:30:43.451214 : i
2024-07-14 19:30:43.533191 : e
2024-07-14 19:30:43.684736 : n
2024-07-14 19:30:44.120178 : e
2024-07-14 19:30:44.233676 : d
2024-07-14 19:30:44.324330 :  
2024-07-14 22:46:15.705166 : V
2024-07-14 22:46:15.767636 : [shift]
2024-07-14 22:46:16.268098 : i
2024-07-14 22:46:16.361858 : r
2024-07-14 22:46:16.455569 : e
2024-07-14 22:46:16.627448 : n
2024-07-14 22:46:16.814951 : d
2024-07-14 22:46:16.971610 : a
2024-07-14 22:46:17.049743 : r
2024-07-14 22:46:18.566699 : _
2024-07-14 22:46:18.691698 : [shift]
2024-07-14 22:46:19.958214 : [shift]
2024-07-14 22:46:19.973772 : k
2024-07-14 22:46:20.192541 : u
2024-07-14 22:46:20.474650 : a
2024-07-14 22:46:20.537148 : m
2024-07-14 22:46:20.630899 : r
2024-07-14 22:46:22.850384 : [backspace]
2024-07-14 22:46:23.178180 : [backspace]
2024-07-14 22:46:23.568919 : [backspace]
2024-07-14 22:46:24.162556 : [shift]
2024-07-14 22:46:24.303184 : m
2024-07-14 22:46:24.945165 : [backspace]
2024-07-14 22:46:25.554217 : m
2024-07-14 22:46:25.694903 : a
2024-07-14 22:46:25.819903 : r
2024-07-14 22:46:26.398014 : _
2024-07-14 22:46:26.413628 : [shift]
2024-07-14 22:46:27.320694 : 4
2024-07-14 22:46:27.962612 : 8
2024-07-14 22:46:28.181360 : 4
2024-07-14 22:46:31.199400 : /
2024-07-14 22:46:32.740925 : /
2024-07-14 22:46:32.921530 : /
2024-07-14 22:46:33.062572 : -
2024-07-14 22:46:35.387549 : 2
2024-07-14 22:46:35.621889 : 0
2024-07-14 22:46:35.700197 : 2
2024-07-14 22:46:35.887542 : 2
2024-07-14 22:46:39.264892 : )
2024-07-14 22:46:39.296152 : [right shift]
2024-07-14 22:46:39.999713 : [up]
2024-07-14 22:46:40.218931 : [left]
2024-07-14 22:46:40.765361 : [left]
2024-07-14 22:46:41.845381 : (
2024-07-14 22:46:41.892202 : [right shift]
2024-07-14 22:46:45.552403 : [left]
2024-07-14 22:46:46.338434 : [backspace]
2024-07-14 22:46:47.207226 :  
2024-07-14 22:46:47.457967 : [up]
2024-07-14 22:46:47.783376 : [right]
2024-07-14 22:46:48.007391 : [right]
2024-07-14 22:46:48.211221 : [right]
2024-07-14 22:46:48.573969 : [right]
2024-07-14 22:46:49.081532 : [backspace]
2024-07-14 22:46:49.187834 :  
2024-07-14 22:46:50.268586 : [ENTER]

2024-07-14 22:52:43.248084 : 4
2024-07-14 22:52:44.188268 : 8
2024-07-14 22:52:44.475804 : 4
2024-07-14 22:52:47.627799 : -
2024-07-14 22:52:49.838697 : 2
2024-07-14 22:52:50.355712 : 0
2024-07-14 22:52:50.427248 : 2
2024-07-14 22:52:50.621482 : 2
2024-07-14 22:52:52.879930 : @
2024-07-14 22:52:52.895264 : [shift]
2024-07-14 22:52:58.249371 : l
2024-07-14 22:52:58.491417 : m
2024-07-14 22:52:58.583897 : s
2024-07-14 22:53:03.166108 : .
2024-07-14 22:53:03.683891 : i
2024-07-14 22:53:03.776499 : n
2024-07-14 22:53:04.221775 : d
2024-07-14 22:53:04.354115 : u
2024-07-14 22:53:04.552181 : d
2024-07-14 22:53:05.106525 : [backspace]
2024-07-14 22:53:05.189053 : s
2024-07-14 22:53:06.526250 : .
2024-07-14 22:53:08.710249 : e
2024-07-14 22:53:08.851529 : d
2024-07-14 22:53:08.982799 : u
2024-07-14 22:53:09.592946 : .
2024-07-14 22:53:09.884305 : p
2024-07-14 22:53:09.955038 : k
2024-07-14 22:53:21.045085 : X
2024-07-14 22:53:21.053975 : [shift]
2024-07-14 22:53:24.452495 : o
2024-07-14 22:53:26.240682 : o
2024-07-14 22:53:29.175946 : @
2024-07-14 22:53:29.223092 : [shift]
2024-07-14 22:53:34.974688 : 9
2024-07-14 22:53:35.147909 : 9
2024-07-14 22:53:37.331813 : 0
2024-07-14 22:53:37.462901 : 1
2024-07-14 22:53:38.970441 : 1
2024-07-14 22:53:46.466262 : [backspace]
2024-07-14 22:53:46.721469 : 2
2024-07-14 22:54:51.927307 : [backspace]
2024-07-14 22:54:53.124729 : 8
2024-07-14 22:54:57.069195 : s
2024-07-14 22:54:57.163165 : [ctrl]
2024-07-14 22:54:57.351582 : s
2024-07-14 22:54:57.353809 : [ctrl]
2024-07-14 22:55:05.244930 : [backspace]
2024-07-14 22:55:08.870065 : s
2024-07-14 22:55:08.902003 : [ctrl]
2024-07-14 22:56:49.153070 : [f9]
2024-07-14 22:56:49.607460 : [f9]
2024-07-14 22:58:18.743134 : a
2024-07-14 22:58:18.802530 : [ctrl]
2024-07-14 22:58:33.880108 : h
2024-07-14 22:58:33.971029 : [ctrl]
2024-07-14 23:00:31.895336 : [f9]
2024-07-14 23:00:37.426219 : p
2024-07-14 23:00:37.475101 : o
2024-07-14 23:00:37.530511 : w
2024-07-14 23:00:37.553571 : e
2024-07-14 23:00:37.584865 : r
2024-07-14 23:00:38.556961 : c
2024-07-14 23:00:38.686226 : f
2024-07-14 23:00:38.765742 : g
2024-07-14 23:00:38.872202 :  
2024-07-14 23:00:39.428201 : /
2024-07-14 23:00:39.743950 : b
2024-07-14 23:00:39.857185 : a
2024-07-14 23:00:39.991872 : t
2024-07-14 23:00:40.151323 : t
2024-07-14 23:00:40.315783 : e
2024-07-14 23:00:40.372624 : r
2024-07-14 23:00:40.413777 : y
2024-07-14 23:00:40.662983 : r
2024-07-14 23:00:40.960953 : p
2024-07-14 23:00:41.405604 : [backspace]
2024-07-14 23:00:41.467715 : e
2024-07-14 23:00:42.439235 : p
2024-07-14 23:00:42.447580 : o
2024-07-14 23:00:42.591399 : r
2024-07-14 23:00:42.622865 : t
2024-07-14 23:00:42.904802 : [ENTER]

2024-07-14 23:03:00.719178 : C
2024-07-14 23:03:02.488443 : B
2024-07-14 23:03:53.874408 : r
2024-07-14 23:03:53.984505 : a
2024-07-14 23:03:54.575026 : k
2024-07-14 23:03:55.132913 : [backspace]
2024-07-14 23:03:56.652804 : j
2024-07-14 23:03:57.172701 : k
2024-07-14 23:03:57.215664 : h
2024-07-14 23:03:57.334459 : a
2024-07-14 23:03:57.601495 : t
2024-07-14 23:03:57.678584 : r
2024-07-14 23:03:57.850536 : i
2024-07-14 23:08:10.047286 : a
2024-07-14 23:08:11.393209 : s
2024-07-14 23:08:12.026332 : t
2024-07-14 23:08:12.231579 : r
2024-07-14 23:08:12.720731 : i
2024-07-14 23:08:13.957798 : x
2024-07-14 23:08:16.099874 :  
2024-07-14 23:09:30.755945 : B
2024-07-14 23:09:40.639121 : B
2024-07-14 23:09:40.861747 : B
2024-07-14 23:09:41.457823 : B
2024-07-14 23:10:08.676939 : [backspace]
2024-07-14 23:10:09.511703 : s
2024-07-14 23:10:10.250859 : o
2024-07-14 23:10:10.931290 : m
2024-07-14 23:10:13.514277 : [backspace]
2024-07-14 23:10:16.117195 : n
2024-07-14 23:10:16.705868 : g
2024-07-14 23:10:17.038702 : s
2024-07-14 23:10:17.647035 : [ENTER]

2024-07-14 23:11:24.701508 : [backspace]
2024-07-14 23:11:26.128135 : c
2024-07-14 23:11:26.332453 : o
2024-07-14 23:11:26.584182 : l
2024-07-14 23:11:26.775114 : d
2024-07-14 23:11:27.342430 : p
2024-07-14 23:11:27.562302 : l
2024-07-14 23:11:27.829723 : a
2024-07-14 23:11:28.505360 : y
2024-07-14 23:11:29.167344 : [ENTER]

2024-07-14 23:11:34.637418 : [down]
2024-07-14 23:11:34.902363 : [down]
2024-07-14 23:11:35.179289 : [down]
2024-07-14 23:11:35.768045 : [down]
2024-07-14 23:11:36.760648 : [down]
2024-07-14 23:11:37.932674 : [down]
2024-07-14 23:11:38.581267 : [down]
2024-07-14 23:11:39.338416 : [down]
2024-07-14 23:11:39.896580 : [down]
2024-07-14 23:15:21.848805 : [backspace]
2024-07-14 23:15:23.686592 : y
2024-07-14 23:15:23.806957 : o
2024-07-14 23:15:23.909018 : u
2024-07-14 23:15:24.143393 :  
2024-07-14 23:15:24.528721 : a
2024-07-14 23:15:24.961306 : r
2024-07-14 23:15:25.166626 : e
2024-07-14 23:15:25.347554 :  
2024-07-14 23:15:25.671851 : m
2024-07-14 23:15:26.078646 : y
2024-07-14 23:15:26.240411 :  
2024-07-14 23:15:26.916687 : e
2024-07-14 23:15:27.121443 : n
2024-07-14 23:15:27.334573 : e
2024-07-14 23:15:27.494342 : m
2024-07-14 23:15:27.769215 : y
2024-07-14 23:15:27.961222 :  
2024-07-14 23:15:28.611910 : s
2024-07-14 23:15:28.883921 : o
2024-07-14 23:15:29.199409 : n
2024-07-14 23:15:29.371566 : g
2024-07-14 23:15:29.554100 :  
2024-07-14 23:15:30.475451 : [ENTER]

2024-07-14 23:15:35.078219 : [down]
2024-07-14 23:16:51.938387 : B
2024-07-14 23:16:52.760463 : B
2024-07-14 23:18:50.368368 : C
2024-07-14 23:18:51.501336 : B
2024-07-14 23:18:52.774225 : C
2024-07-14 23:19:03.336706 : B
